2025-05-26 22:25:37,769 - __main__ - INFO - ================================================================================
2025-05-26 22:25:37,769 - __main__ - INFO - Запуск приложения Time Banking с миграцией
2025-05-26 22:25:37,769 - __main__ - INFO - ================================================================================
2025-05-26 22:25:37,769 - __main__ - INFO - Запуск миграции базы данных...
2025-05-26 22:25:37,792 - __main__ - INFO - Миграция успешно завершена
2025-05-26 22:25:37,793 - __main__ - INFO - Запуск сервера...
2025-05-26 22:25:37,794 - __main__ - INFO - Сервер запущен с PID: 19684
2025-05-26 22:25:39,798 - __main__ - INFO - Сервер успешно запущен
2025-05-27 15:05:37,166 - __main__ - INFO - ================================================================================
2025-05-27 15:05:37,166 - __main__ - INFO - Запуск приложения Time Banking с миграцией
2025-05-27 15:05:37,166 - __main__ - INFO - ================================================================================
2025-05-27 15:05:37,166 - __main__ - INFO - Запуск миграции базы данных...
2025-05-27 15:05:37,216 - __main__ - INFO - Миграция успешно завершена
2025-05-27 15:05:37,216 - __main__ - INFO - Запуск сервера...
2025-05-27 15:05:37,355 - __main__ - INFO - Сервер запущен с PID: 22176
2025-05-27 15:05:39,356 - __main__ - INFO - Сервер успешно запущен
2025-05-27 15:10:10,389 - __main__ - INFO - Получен сигнал прерывания, останавливаем сервер...
2025-05-27 15:10:10,390 - __main__ - INFO - Сервер успешно остановлен
2025-05-27 15:10:12,034 - __main__ - INFO - ================================================================================
2025-05-27 15:10:12,035 - __main__ - INFO - Запуск приложения Time Banking с миграцией
2025-05-27 15:10:12,035 - __main__ - INFO - ================================================================================
2025-05-27 15:10:12,036 - __main__ - INFO - Запуск миграции базы данных...
2025-05-27 15:10:12,075 - __main__ - INFO - Миграция успешно завершена
2025-05-27 15:10:12,075 - __main__ - INFO - Запуск сервера...
2025-05-27 15:10:12,082 - __main__ - INFO - Сервер запущен с PID: 24152
2025-05-27 15:10:14,084 - __main__ - INFO - Сервер успешно запущен
