2025-05-26 22:19:12,920 - auth - INFO - ================================================================================
2025-05-26 22:19:12,920 - auth - INFO - Authentication module initialized
2025-05-26 22:19:12,920 - auth - INFO - BOT_TOKEN: 80221..._4-bU (length: 46)
2025-05-26 22:19:12,920 - auth - INFO - ================================================================================
2025-05-26 22:20:11,132 - auth - INFO - ================================================================================
2025-05-26 22:20:11,132 - auth - INFO - Authentication module initialized
2025-05-26 22:20:11,132 - auth - INFO - BOT_TOKEN: 80221..._4-bU (length: 46)
2025-05-26 22:20:11,132 - auth - INFO - ================================================================================
2025-05-26 22:20:15,425 - auth - INFO - ================================================================================
2025-05-26 22:20:15,426 - auth - INFO - Authentication module initialized
2025-05-26 22:20:15,426 - auth - INFO - BOT_TOKEN: 80221..._4-bU (length: 46)
2025-05-26 22:20:15,426 - auth - INFO - ================================================================================
2025-05-26 22:20:53,036 - auth - INFO - ================================================================================
2025-05-26 22:20:53,040 - auth - INFO - Authentication module initialized
2025-05-26 22:20:53,041 - auth - INFO - BOT_TOKEN: 80221..._4-bU (length: 46)
2025-05-26 22:20:53,041 - auth - INFO - ================================================================================
2025-05-26 22:21:41,769 - auth - INFO - ================================================================================
2025-05-26 22:21:41,769 - auth - INFO - Authentication module initialized
2025-05-26 22:21:41,773 - auth - INFO - BOT_TOKEN: 80221..._4-bU (length: 46)
2025-05-26 22:21:41,773 - auth - INFO - ================================================================================
2025-05-26 22:25:22,182 - auth - INFO - ================================================================================
2025-05-26 22:25:22,182 - auth - INFO - Authentication module initialized
2025-05-26 22:25:22,185 - auth - INFO - BOT_TOKEN: 80221..._4-bU (length: 46)
2025-05-26 22:25:22,185 - auth - INFO - ================================================================================
2025-05-26 22:25:38,713 - auth - INFO - ================================================================================
2025-05-26 22:25:38,713 - auth - INFO - Authentication module initialized
2025-05-26 22:25:38,713 - auth - INFO - BOT_TOKEN: 80221..._4-bU (length: 46)
2025-05-26 22:25:38,713 - auth - INFO - ================================================================================
2025-05-26 22:28:15,335 - auth - INFO - ================================================================================
2025-05-26 22:28:15,335 - auth - INFO - Authentication module initialized
2025-05-26 22:28:15,336 - auth - INFO - BOT_TOKEN: 80221..._4-bU (length: 46)
2025-05-26 22:28:15,336 - auth - INFO - ================================================================================
2025-05-26 22:31:42,687 - auth - INFO - ================================================================================
2025-05-26 22:31:42,687 - auth - INFO - Authentication module initialized
2025-05-26 22:31:42,687 - auth - INFO - BOT_TOKEN: 80221..._4-bU (length: 46)
2025-05-26 22:31:42,691 - auth - INFO - ================================================================================
2025-05-26 22:31:42,691 - AUTH - INFO - ================================================================================
2025-05-26 22:31:42,691 - AUTH - INFO - Starting Time Banking API
2025-05-26 22:31:42,691 - AUTH - INFO - ================================================================================
2025-05-26 22:31:42,691 - AUTH - INFO - Bot token: 80221..._4-bU (length: 46)
2025-05-26 22:32:52,433 - auth - INFO - ================================================================================
2025-05-26 22:32:52,433 - auth - INFO - Authentication module initialized
2025-05-26 22:32:52,433 - auth - INFO - BOT_TOKEN: 80221..._4-bU (length: 46)
2025-05-26 22:32:52,433 - auth - INFO - ================================================================================
2025-05-26 22:32:52,438 - AUTH - INFO - ================================================================================
2025-05-26 22:32:52,438 - AUTH - INFO - Starting Time Banking API
2025-05-26 22:32:52,438 - AUTH - INFO - ================================================================================
2025-05-26 22:32:52,438 - AUTH - INFO - Bot token: 80221..._4-bU (length: 46)
2025-05-26 22:33:11,762 - auth - INFO - ================================================================================
2025-05-26 22:33:11,762 - auth - INFO - Authentication module initialized
2025-05-26 22:33:11,762 - auth - INFO - BOT_TOKEN: 80221..._4-bU (length: 46)
2025-05-26 22:33:11,762 - auth - INFO - ================================================================================
2025-05-26 22:33:11,762 - AUTH - INFO - ================================================================================
2025-05-26 22:33:11,762 - AUTH - INFO - Starting Time Banking API
2025-05-26 22:33:11,762 - AUTH - INFO - ================================================================================
2025-05-26 22:33:11,766 - AUTH - INFO - Bot token: 80221..._4-bU (length: 46)
2025-05-26 22:36:43,033 - auth - INFO - ================================================================================
2025-05-26 22:36:43,033 - auth - INFO - ================================================================================
2025-05-26 22:36:43,033 - auth - INFO - Authentication module initialized
2025-05-26 22:36:43,033 - auth - INFO - Authentication module initialized
2025-05-26 22:36:43,033 - auth - INFO - BOT_TOKEN: 80221..._4-bU (length: 46)
2025-05-26 22:36:43,033 - auth - INFO - BOT_TOKEN: 80221..._4-bU (length: 46)
2025-05-26 22:36:43,033 - auth - INFO - ================================================================================
2025-05-26 22:36:43,033 - auth - INFO - ================================================================================
2025-05-26 22:36:43,036 - AUTH - INFO - ================================================================================
2025-05-26 22:36:43,036 - AUTH - INFO - Starting Time Banking API
2025-05-26 22:36:43,036 - AUTH - INFO - Starting Time Banking API
2025-05-26 22:36:43,036 - AUTH - INFO - ================================================================================
2025-05-26 22:36:43,036 - AUTH - INFO - ================================================================================
2025-05-26 22:36:43,036 - AUTH - INFO - Bot token: 80221..._4-bU (length: 46)
2025-05-26 22:36:43,036 - AUTH - INFO - Bot token: 80221..._4-bU (length: 46)
2025-05-26 22:37:52,417 - auth - INFO - ================================================================================
2025-05-26 22:37:52,417 - auth - INFO - Authentication module initialized
2025-05-26 22:37:52,417 - auth - INFO - BOT_TOKEN: 80221..._4-bU (length: 46)
2025-05-26 22:37:52,417 - auth - INFO - ================================================================================
2025-05-26 22:37:52,417 - AUTH - INFO - ================================================================================
2025-05-26 22:37:52,417 - AUTH - INFO - Starting Time Banking API
2025-05-26 22:37:52,417 - AUTH - INFO - ================================================================================
2025-05-26 22:37:52,417 - AUTH - INFO - Bot token: 80221..._4-bU (length: 46)
2025-05-26 22:38:11,815 - auth - INFO - ================================================================================
2025-05-26 22:38:11,817 - auth - INFO - Authentication module initialized
2025-05-26 22:38:11,817 - auth - INFO - BOT_TOKEN: 80221..._4-bU (length: 46)
2025-05-26 22:38:11,817 - auth - INFO - ================================================================================
2025-05-26 22:38:11,817 - AUTH - INFO - ================================================================================
2025-05-26 22:38:11,817 - AUTH - INFO - Starting Time Banking API
2025-05-26 22:38:11,817 - AUTH - INFO - ================================================================================
2025-05-26 22:38:11,817 - AUTH - INFO - Bot token: 80221..._4-bU (length: 46)
2025-05-27 15:05:39,934 - auth - INFO - ================================================================================
2025-05-27 15:05:39,934 - auth - INFO - Authentication module initialized
2025-05-27 15:05:39,934 - auth - INFO - BOT_TOKEN: 80221..._4-bU (length: 46)
2025-05-27 15:05:39,934 - auth - INFO - ================================================================================
2025-05-27 15:05:39,946 - AUTH - INFO - ================================================================================
2025-05-27 15:05:39,946 - AUTH - INFO - Starting Time Banking API
2025-05-27 15:05:39,946 - AUTH - INFO - ================================================================================
2025-05-27 15:05:39,948 - AUTH - INFO - Bot token: 80221..._4-bU (length: 46)
2025-05-27 15:10:13,534 - auth - INFO - ================================================================================
2025-05-27 15:10:13,536 - auth - INFO - Authentication module initialized
2025-05-27 15:10:13,536 - auth - INFO - BOT_TOKEN: 80221..._4-bU (length: 46)
2025-05-27 15:10:13,536 - auth - INFO - ================================================================================
2025-05-27 15:10:13,538 - AUTH - INFO - ================================================================================
2025-05-27 15:10:13,539 - AUTH - INFO - Starting Time Banking API
2025-05-27 15:10:13,540 - AUTH - INFO - ================================================================================
2025-05-27 15:10:13,540 - AUTH - INFO - Bot token: 80221..._4-bU (length: 46)
2025-05-27 15:11:13,212 - AUTH - INFO - [93f3687d-ef62-4a68-bb82-f2fd1995310b] Request from 127.0.0.1:51067 - POST /auth/telegram
2025-05-27 15:11:13,214 - AUTH - INFO - [93f3687d-ef62-4a68-bb82-f2fd1995310b] Query params: {'init_data': 'query_id=AAFreO00AAAAAGt47TRGMsro&user=%7B%22id%22%3A887978091%2C%22first_name%22%3A%22.%22%2C%22last_name%22%3A%22.%22%2C%22username%22%3A%22sar_a_to_v%22%2C%22language_code%22%3A%22ru%22%2C%22allows_write_to_pm%22%3Atrue%2C%22photo_url%22%3A%22https%3A%5C%2F%5C%2Ft.me%5C%2Fi%5C%2Fuserpic%5C%2F320%5C%2F1RamL_iAFcdZ2kGPxN7DFOtBN-utHaDkfIu1okZ2zsA.svg%22%7D&auth_date=1748347857&signature=SxsBATJpj0FyX6qec1b0Px2nVNvYi_3Qg3X9jknb0zHaZiVehZpr3is38Jum6O5QSj9HCx5Ec4dtDejxJUu9Cw&hash=328b19cfac31481752b6059a606307bb95124140b427c8b186c4dc4c26c28077'}
2025-05-27 15:11:13,215 - AUTH - INFO - [93f3687d-ef62-4a68-bb82-f2fd1995310b] Request body: {}
2025-05-27 15:11:13,218 - AUTH - INFO - [e1582ecb-d226-4843-a794-fdffb7ed9ad9] Request from 127.0.0.1:51068 - POST /auth/telegram
2025-05-27 15:11:13,219 - AUTH - INFO - [e1582ecb-d226-4843-a794-fdffb7ed9ad9] Query params: {'init_data': 'query_id=AAFreO00AAAAAGt47TRGMsro&user=%7B%22id%22%3A887978091%2C%22first_name%22%3A%22.%22%2C%22last_name%22%3A%22.%22%2C%22username%22%3A%22sar_a_to_v%22%2C%22language_code%22%3A%22ru%22%2C%22allows_write_to_pm%22%3Atrue%2C%22photo_url%22%3A%22https%3A%5C%2F%5C%2Ft.me%5C%2Fi%5C%2Fuserpic%5C%2F320%5C%2F1RamL_iAFcdZ2kGPxN7DFOtBN-utHaDkfIu1okZ2zsA.svg%22%7D&auth_date=1748347857&signature=SxsBATJpj0FyX6qec1b0Px2nVNvYi_3Qg3X9jknb0zHaZiVehZpr3is38Jum6O5QSj9HCx5Ec4dtDejxJUu9Cw&hash=328b19cfac31481752b6059a606307bb95124140b427c8b186c4dc4c26c28077'}
2025-05-27 15:11:13,220 - AUTH - INFO - [e1582ecb-d226-4843-a794-fdffb7ed9ad9] Request body: {}
2025-05-27 15:11:13,223 - AUTH - INFO - 

********************************************************************************
2025-05-27 15:11:13,224 - AUTH - INFO - === Starting Telegram Authentication ===
2025-05-27 15:11:13,225 - AUTH - INFO - ********************************************************************************
2025-05-27 15:11:13,226 - AUTH - DEBUG - Request headers:
2025-05-27 15:11:13,227 - AUTH - DEBUG -   host: localhost:8000
2025-05-27 15:11:13,228 - AUTH - DEBUG -   connection: keep-alive
2025-05-27 15:11:13,229 - AUTH - DEBUG -   content-length: 2
2025-05-27 15:11:13,229 - AUTH - DEBUG -   sec-ch-ua-platform: "Windows"
2025-05-27 15:11:13,230 - AUTH - DEBUG -   user-agent: Mozilla/5.0 (Windows NT 10.0; Win64; x64) AppleWebKit/537.36 (KHTML, like Gecko) Chrome/136.0.0.0 Safari/537.36 Edg/136.0.0.0
2025-05-27 15:11:13,231 - AUTH - DEBUG -   accept: application/json, text/plain, */*
2025-05-27 15:11:13,231 - AUTH - DEBUG -   sec-ch-ua: "Microsoft Edge";v="136", "Microsoft Edge WebView2";v="136", "Not.A/Brand";v="99", "Chromium";v="136"
2025-05-27 15:11:13,232 - AUTH - DEBUG -   content-type: application/json
2025-05-27 15:11:13,233 - AUTH - DEBUG -   sec-ch-ua-mobile: ?0
2025-05-27 15:11:13,234 - AUTH - DEBUG -   origin: https://7e70-77-91-101-132.ngrok-free.app
2025-05-27 15:11:13,234 - AUTH - DEBUG -   sec-fetch-site: cross-site
2025-05-27 15:11:13,235 - AUTH - DEBUG -   sec-fetch-mode: cors
2025-05-27 15:11:13,235 - AUTH - DEBUG -   sec-fetch-dest: empty
2025-05-27 15:11:13,236 - AUTH - DEBUG -   accept-encoding: gzip, deflate, br, zstd
2025-05-27 15:11:13,237 - AUTH - DEBUG -   accept-language: ru,en;q=0.9,en-GB;q=0.8,en-US;q=0.7
2025-05-27 15:11:13,237 - AUTH - DEBUG - Query parameters:
2025-05-27 15:11:13,238 - AUTH - DEBUG -   init_data: query_id=AAFreO00AAAAAGt47TRGMsro&user=%7B%22id%22%3A887978091%2C%22first_name%22%3A%22.%22%2C%22last_name%22%3A%22.%22%2C%22username%22%3A%22sar_a_to_v%22%2C%22language_code%22%3A%22ru%22%2C%22allows_write_to_pm%22%3Atrue%2C%22photo_url%22%3A%22https%3A%5C%2F%5C%2Ft.me%5C%2Fi%5C%2Fuserpic%5C%2F320%5C%2F1RamL_iAFcdZ2kGPxN7DFOtBN-utHaDkfIu1okZ2zsA.svg%22%7D&auth_date=1748347857&signature=SxsBATJpj0FyX6qec1b0Px2nVNvYi_3Qg3X9jknb0zHaZiVehZpr3is38Jum6O5QSj9HCx5Ec4dtDejxJUu9Cw&hash=328b19cfac31481752b6059a606307bb95124140b427c8b186c4dc4c26c28077
2025-05-27 15:11:13,239 - AUTH - DEBUG - Raw init_data (repr): 'query_id=AAFreO00AAAAAGt47TRGMsro&user=%7B%22id%22%3A887978091%2C%22first_name%22%3A%22.%22%2C%22last_name%22%3A%22.%22%2C%22username%22%3A%22sar_a_to_v%22%2C%22language_code%22%3A%22ru%22%2C%22allows_write_to_pm%22%3Atrue%2C%22photo_url%22%3A%22https%3A%5C%2F%5C%2Ft.me%5C%2Fi%5C%2Fuserpic%5C%2F320%5C%2F1RamL_iAFcdZ2kGPxN7DFOtBN-utHaDkfIu1okZ2zsA.svg%22%7D&auth_date=1748347857&signature=SxsBATJpj0FyX6qec1b0Px2nVNvYi_3Qg3X9jknb0zHaZiVehZpr3is38Jum6O5QSj9HCx5Ec4dtDejxJUu9Cw&hash=328b19cfac31481752b6059a606307bb95124140b427c8b186c4dc4c26c28077'
2025-05-27 15:11:13,241 - AUTH - DEBUG - Parsed data parameters:
2025-05-27 15:11:13,242 - AUTH - DEBUG -   query_id: AAFreO00AAAAAGt47TRGMsro
2025-05-27 15:11:13,242 - AUTH - DEBUG -   user: %7B%22id%22%3A887978091%2C%22first_name%22%3A%22.%22%2C%22last_name%22%3A%22.%22%2C%22username%22%3A%22sar_a_to_v%22%2C%22language_code%22%3A%22ru%22%2C%22allows_write_to_pm%22%3Atrue%2C%22photo_url%22%3A%22https%3A%5C%2F%5C%2Ft.me%5C%2Fi%5C%2Fuserpic%5C%2F320%5C%2F1RamL_iAFcdZ2kGPxN7DFOtBN-utHaDkfIu1okZ2zsA.svg%22%7D
2025-05-27 15:11:13,243 - AUTH - DEBUG -   auth_date: 1748347857
2025-05-27 15:11:13,243 - AUTH - DEBUG -   signature: SxsBATJpj0FyX6qec1b0Px2nVNvYi_3Qg3X9jknb0zHaZiVehZpr3is38Jum6O5QSj9HCx5Ec4dtDejxJUu9Cw
2025-05-27 15:11:13,244 - AUTH - DEBUG -   hash: 328b19cfac31481752b6059a606307bb95124140b427c8b186c4dc4c26c28077
2025-05-27 15:11:13,245 - AUTH - DEBUG - Extracted hash value: 328b19cfac31481752b6059a606307bb95124140b427c8b186c4dc4c26c28077
2025-05-27 15:11:13,246 - AUTH - INFO - Verifying Telegram hash...
2025-05-27 15:11:13,248 - AUTH - DEBUG - 
==================================================
2025-05-27 15:11:13,248 - AUTH - DEBUG - Starting Telegram WebApp hash verification
2025-05-27 15:11:13,249 - AUTH - DEBUG - ==================================================
2025-05-27 15:11:13,250 - AUTH - DEBUG - BOT_TOKEN (repr): '8022193791:AAEAt9a6kBmP28XN60P8d0HmPKG4n9_4-bU'
2025-05-27 15:11:13,250 - AUTH - DEBUG - BOT_TOKEN length: 46
2025-05-27 15:11:13,251 - AUTH - DEBUG - init_data (repr): 'query_id=AAFreO00AAAAAGt47TRGMsro&user=%7B%22id%22%3A887978091%2C%22first_name%22%3A%22.%22%2C%22last_name%22%3A%22.%22%2C%22username%22%3A%22sar_a_to_v%22%2C%22language_code%22%3A%22ru%22%2C%22allows_write_to_pm%22%3Atrue%2C%22photo_url%22%3A%22https%3A%5C%2F%5C%2Ft.me%5C%2Fi%5C%2Fuserpic%5C%2F320%5C%2F1RamL_iAFcdZ2kGPxN7DFOtBN-utHaDkfIu1okZ2zsA.svg%22%7D&auth_date=1748347857&signature=SxsBATJpj0FyX6qec1b0Px2nVNvYi_3Qg3X9jknb0zHaZiVehZpr3is38Jum6O5QSj9HCx5Ec4dtDejxJUu9Cw&hash=328b19cfac31481752b6059a606307bb95124140b427c8b186c4dc4c26c28077'
2025-05-27 15:11:13,252 - AUTH - DEBUG - received_hash: 328b19cfac31481752b6059a606307bb95124140b427c8b186c4dc4c26c28077
2025-05-27 15:11:13,253 - AUTH - DEBUG - Parsed param: query_id = AAFreO00AAAAAGt47TRGMsro
2025-05-27 15:11:13,253 - AUTH - DEBUG - Parsed param: user = %7B%22id%22%3A887978091%2C%22first_name%22%3A%22.%22%2C%22last_name%22%3A%22.%22%2C%22username%22%3A%22sar_a_to_v%22%2C%22language_code%22%3A%22ru%22%2C%22allows_write_to_pm%22%3Atrue%2C%22photo_url%22%3A%22https%3A%5C%2F%5C%2Ft.me%5C%2Fi%5C%2Fuserpic%5C%2F320%5C%2F1RamL_iAFcdZ2kGPxN7DFOtBN-utHaDkfIu1okZ2zsA.svg%22%7D
2025-05-27 15:11:13,255 - AUTH - DEBUG - Parsed param: auth_date = 1748347857
2025-05-27 15:11:13,255 - AUTH - DEBUG - Parsed param: signature = SxsBATJpj0FyX6qec1b0Px2nVNvYi_3Qg3X9jknb0zHaZiVehZpr3is38Jum6O5QSj9HCx5Ec4dtDejxJUu9Cw
2025-05-27 15:11:13,256 - AUTH - DEBUG - Parsed param: hash = 328b19cfac31481752b6059a606307bb95124140b427c8b186c4dc4c26c28077
2025-05-27 15:11:13,257 - AUTH - DEBUG - Extracted hash value: 328b19cfac31481752b6059a606307bb95124140b427c8b186c4dc4c26c28077
2025-05-27 15:11:13,258 - AUTH - DEBUG - data_check_string (repr): 'auth_date=1748347857\nquery_id=AAFreO00AAAAAGt47TRGMsro\nuser=%7B%22id%22%3A887978091%2C%22first_name%22%3A%22.%22%2C%22last_name%22%3A%22.%22%2C%22username%22%3A%22sar_a_to_v%22%2C%22language_code%22%3A%22ru%22%2C%22allows_write_to_pm%22%3Atrue%2C%22photo_url%22%3A%22https%3A%5C%2F%5C%2Ft.me%5C%2Fi%5C%2Fuserpic%5C%2F320%5C%2F1RamL_iAFcdZ2kGPxN7DFOtBN-utHaDkfIu1okZ2zsA.svg%22%7D'
2025-05-27 15:11:13,260 - AUTH - DEBUG - Generated secret key (hex): 379aa67b195bd99b7a2e2819d1682d190edf51ee0d148183fb6708da92fdf532
2025-05-27 15:11:13,261 - AUTH - DEBUG - Calculated hash: c15ad5e36ea5e2e6198108abc708b5b8d0d3fb0d7182793de4f5c60de8b5d86a
2025-05-27 15:11:13,261 - AUTH - DEBUG - Received hash:   328b19cfac31481752b6059a606307bb95124140b427c8b186c4dc4c26c28077
2025-05-27 15:11:13,262 - AUTH - DEBUG - Hash verification result: False
2025-05-27 15:11:13,263 - AUTH - WARNING - Hash verification failed! BYPASSING FOR DEBUGGING.
2025-05-27 15:11:13,263 - AUTH - INFO - Hash verification successful
2025-05-27 15:11:13,264 - AUTH - INFO - Parsing user data...
2025-05-27 15:11:13,264 - AUTH - DEBUG - Raw user data: %7B%22id%22%3A887978091%2C%22first_name%22%3A%22.%22%2C%22last_name%22%3A%22.%22%2C%22username%22%3A%22sar_a_to_v%22%2C%22language_code%22%3A%22ru%22%2C%22allows_write_to_pm%22%3Atrue%2C%22photo_url%22%3A%22https%3A%5C%2F%5C%2Ft.me%5C%2Fi%5C%2Fuserpic%5C%2F320%5C%2F1RamL_iAFcdZ2kGPxN7DFOtBN-utHaDkfIu1okZ2zsA.svg%22%7D
2025-05-27 15:11:13,265 - AUTH - DEBUG - URL-decoded user data: {"id":887978091,"first_name":".","last_name":".","username":"sar_a_to_v","language_code":"ru","allows_write_to_pm":true,"photo_url":"https:\/\/t.me\/i\/userpic\/320\/1RamL_iAFcdZ2kGPxN7DFOtBN-utHaDkfIu1okZ2zsA.svg"}
2025-05-27 15:11:13,266 - AUTH - DEBUG - Parsed user_info: {'id': 887978091, 'first_name': '.', 'last_name': '.', 'username': 'sar_a_to_v', 'language_code': 'ru', 'allows_write_to_pm': True, 'photo_url': 'https://t.me/i/userpic/320/1RamL_iAFcdZ2kGPxN7DFOtBN-utHaDkfIu1okZ2zsA.svg'}
2025-05-27 15:11:13,267 - AUTH - DEBUG - Converted telegram_id to int: 887978091 (type: <class 'int'>)
2025-05-27 15:11:13,267 - AUTH - INFO - Looking up user with telegram_id: 887978091
2025-05-27 15:11:13,270 - AUTH - INFO - Found existing user: sar_a_to_v (ID: 2, Telegram ID: 887978091)
2025-05-27 15:11:13,271 - AUTH - INFO - Updated avatar URL to: https://t.me/i/userpic/320/1RamL_iAFcdZ2kGPxN7DFOtBN-utHaDkfIu1okZ2zsA.svg
2025-05-27 15:11:13,284 - AUTH - INFO - Creating JWT token for user: sar_a_to_v
2025-05-27 15:11:13,286 - AUTH - DEBUG - Token data: {'sub': '2', 'telegram_id': '887978091', 'username': 'sar_a_to_v'}
2025-05-27 15:11:13,308 - AUTH - DEBUG - JWT created for sar_a_to_v (exp 2025-05-28 12:11:13.286900)
2025-05-27 15:11:13,309 - AUTH - INFO - JWT token created successfully
2025-05-27 15:11:13,310 - AUTH - INFO - === Authentication Successful ===
2025-05-27 15:11:13,311 - AUTH - INFO - ********************************************************************************


2025-05-27 15:11:13,313 - AUTH - INFO - 

********************************************************************************
2025-05-27 15:11:13,313 - AUTH - INFO - === Starting Telegram Authentication ===
2025-05-27 15:11:13,314 - AUTH - INFO - ********************************************************************************
2025-05-27 15:11:13,315 - AUTH - DEBUG - Request headers:
2025-05-27 15:11:13,315 - AUTH - DEBUG -   host: localhost:8000
2025-05-27 15:11:13,316 - AUTH - DEBUG -   connection: keep-alive
2025-05-27 15:11:13,316 - AUTH - DEBUG -   content-length: 2
2025-05-27 15:11:13,318 - AUTH - DEBUG -   sec-ch-ua-platform: "Windows"
2025-05-27 15:11:13,318 - AUTH - DEBUG -   user-agent: Mozilla/5.0 (Windows NT 10.0; Win64; x64) AppleWebKit/537.36 (KHTML, like Gecko) Chrome/136.0.0.0 Safari/537.36 Edg/136.0.0.0
2025-05-27 15:11:13,319 - AUTH - DEBUG -   accept: application/json, text/plain, */*
2025-05-27 15:11:13,319 - AUTH - DEBUG -   sec-ch-ua: "Microsoft Edge";v="136", "Microsoft Edge WebView2";v="136", "Not.A/Brand";v="99", "Chromium";v="136"
2025-05-27 15:11:13,320 - AUTH - DEBUG -   content-type: application/json
2025-05-27 15:11:13,320 - AUTH - DEBUG -   sec-ch-ua-mobile: ?0
2025-05-27 15:11:13,321 - AUTH - DEBUG -   origin: https://7e70-77-91-101-132.ngrok-free.app
2025-05-27 15:11:13,321 - AUTH - DEBUG -   sec-fetch-site: cross-site
2025-05-27 15:11:13,322 - AUTH - DEBUG -   sec-fetch-mode: cors
2025-05-27 15:11:13,322 - AUTH - DEBUG -   sec-fetch-dest: empty
2025-05-27 15:11:13,323 - AUTH - DEBUG -   accept-encoding: gzip, deflate, br, zstd
2025-05-27 15:11:13,323 - AUTH - DEBUG -   accept-language: ru,en;q=0.9,en-GB;q=0.8,en-US;q=0.7
2025-05-27 15:11:13,324 - AUTH - DEBUG - Query parameters:
2025-05-27 15:11:13,324 - AUTH - DEBUG -   init_data: query_id=AAFreO00AAAAAGt47TRGMsro&user=%7B%22id%22%3A887978091%2C%22first_name%22%3A%22.%22%2C%22last_name%22%3A%22.%22%2C%22username%22%3A%22sar_a_to_v%22%2C%22language_code%22%3A%22ru%22%2C%22allows_write_to_pm%22%3Atrue%2C%22photo_url%22%3A%22https%3A%5C%2F%5C%2Ft.me%5C%2Fi%5C%2Fuserpic%5C%2F320%5C%2F1RamL_iAFcdZ2kGPxN7DFOtBN-utHaDkfIu1okZ2zsA.svg%22%7D&auth_date=1748347857&signature=SxsBATJpj0FyX6qec1b0Px2nVNvYi_3Qg3X9jknb0zHaZiVehZpr3is38Jum6O5QSj9HCx5Ec4dtDejxJUu9Cw&hash=328b19cfac31481752b6059a606307bb95124140b427c8b186c4dc4c26c28077
2025-05-27 15:11:13,325 - AUTH - DEBUG - Raw init_data (repr): 'query_id=AAFreO00AAAAAGt47TRGMsro&user=%7B%22id%22%3A887978091%2C%22first_name%22%3A%22.%22%2C%22last_name%22%3A%22.%22%2C%22username%22%3A%22sar_a_to_v%22%2C%22language_code%22%3A%22ru%22%2C%22allows_write_to_pm%22%3Atrue%2C%22photo_url%22%3A%22https%3A%5C%2F%5C%2Ft.me%5C%2Fi%5C%2Fuserpic%5C%2F320%5C%2F1RamL_iAFcdZ2kGPxN7DFOtBN-utHaDkfIu1okZ2zsA.svg%22%7D&auth_date=1748347857&signature=SxsBATJpj0FyX6qec1b0Px2nVNvYi_3Qg3X9jknb0zHaZiVehZpr3is38Jum6O5QSj9HCx5Ec4dtDejxJUu9Cw&hash=328b19cfac31481752b6059a606307bb95124140b427c8b186c4dc4c26c28077'
2025-05-27 15:11:13,326 - AUTH - DEBUG - Parsed data parameters:
2025-05-27 15:11:13,327 - AUTH - DEBUG -   query_id: AAFreO00AAAAAGt47TRGMsro
2025-05-27 15:11:13,327 - AUTH - DEBUG -   user: %7B%22id%22%3A887978091%2C%22first_name%22%3A%22.%22%2C%22last_name%22%3A%22.%22%2C%22username%22%3A%22sar_a_to_v%22%2C%22language_code%22%3A%22ru%22%2C%22allows_write_to_pm%22%3Atrue%2C%22photo_url%22%3A%22https%3A%5C%2F%5C%2Ft.me%5C%2Fi%5C%2Fuserpic%5C%2F320%5C%2F1RamL_iAFcdZ2kGPxN7DFOtBN-utHaDkfIu1okZ2zsA.svg%22%7D
2025-05-27 15:11:13,328 - AUTH - DEBUG -   auth_date: 1748347857
2025-05-27 15:11:13,329 - AUTH - DEBUG -   signature: SxsBATJpj0FyX6qec1b0Px2nVNvYi_3Qg3X9jknb0zHaZiVehZpr3is38Jum6O5QSj9HCx5Ec4dtDejxJUu9Cw
2025-05-27 15:11:13,330 - AUTH - DEBUG -   hash: 328b19cfac31481752b6059a606307bb95124140b427c8b186c4dc4c26c28077
2025-05-27 15:11:13,330 - AUTH - DEBUG - Extracted hash value: 328b19cfac31481752b6059a606307bb95124140b427c8b186c4dc4c26c28077
2025-05-27 15:11:13,331 - AUTH - INFO - Verifying Telegram hash...
2025-05-27 15:11:13,331 - AUTH - DEBUG - 
==================================================
2025-05-27 15:11:13,333 - AUTH - DEBUG - Starting Telegram WebApp hash verification
2025-05-27 15:11:13,333 - AUTH - DEBUG - ==================================================
2025-05-27 15:11:13,334 - AUTH - DEBUG - BOT_TOKEN (repr): '8022193791:AAEAt9a6kBmP28XN60P8d0HmPKG4n9_4-bU'
2025-05-27 15:11:13,334 - AUTH - DEBUG - BOT_TOKEN length: 46
2025-05-27 15:11:13,335 - AUTH - DEBUG - init_data (repr): 'query_id=AAFreO00AAAAAGt47TRGMsro&user=%7B%22id%22%3A887978091%2C%22first_name%22%3A%22.%22%2C%22last_name%22%3A%22.%22%2C%22username%22%3A%22sar_a_to_v%22%2C%22language_code%22%3A%22ru%22%2C%22allows_write_to_pm%22%3Atrue%2C%22photo_url%22%3A%22https%3A%5C%2F%5C%2Ft.me%5C%2Fi%5C%2Fuserpic%5C%2F320%5C%2F1RamL_iAFcdZ2kGPxN7DFOtBN-utHaDkfIu1okZ2zsA.svg%22%7D&auth_date=1748347857&signature=SxsBATJpj0FyX6qec1b0Px2nVNvYi_3Qg3X9jknb0zHaZiVehZpr3is38Jum6O5QSj9HCx5Ec4dtDejxJUu9Cw&hash=328b19cfac31481752b6059a606307bb95124140b427c8b186c4dc4c26c28077'
2025-05-27 15:11:13,335 - AUTH - DEBUG - received_hash: 328b19cfac31481752b6059a606307bb95124140b427c8b186c4dc4c26c28077
2025-05-27 15:11:13,336 - AUTH - DEBUG - Parsed param: query_id = AAFreO00AAAAAGt47TRGMsro
2025-05-27 15:11:13,337 - AUTH - DEBUG - Parsed param: user = %7B%22id%22%3A887978091%2C%22first_name%22%3A%22.%22%2C%22last_name%22%3A%22.%22%2C%22username%22%3A%22sar_a_to_v%22%2C%22language_code%22%3A%22ru%22%2C%22allows_write_to_pm%22%3Atrue%2C%22photo_url%22%3A%22https%3A%5C%2F%5C%2Ft.me%5C%2Fi%5C%2Fuserpic%5C%2F320%5C%2F1RamL_iAFcdZ2kGPxN7DFOtBN-utHaDkfIu1okZ2zsA.svg%22%7D
2025-05-27 15:11:13,337 - AUTH - DEBUG - Parsed param: auth_date = 1748347857
2025-05-27 15:11:13,337 - AUTH - DEBUG - Parsed param: signature = SxsBATJpj0FyX6qec1b0Px2nVNvYi_3Qg3X9jknb0zHaZiVehZpr3is38Jum6O5QSj9HCx5Ec4dtDejxJUu9Cw
2025-05-27 15:11:13,339 - AUTH - DEBUG - Parsed param: hash = 328b19cfac31481752b6059a606307bb95124140b427c8b186c4dc4c26c28077
2025-05-27 15:11:13,340 - AUTH - DEBUG - Extracted hash value: 328b19cfac31481752b6059a606307bb95124140b427c8b186c4dc4c26c28077
2025-05-27 15:11:13,340 - AUTH - DEBUG - data_check_string (repr): 'auth_date=1748347857\nquery_id=AAFreO00AAAAAGt47TRGMsro\nuser=%7B%22id%22%3A887978091%2C%22first_name%22%3A%22.%22%2C%22last_name%22%3A%22.%22%2C%22username%22%3A%22sar_a_to_v%22%2C%22language_code%22%3A%22ru%22%2C%22allows_write_to_pm%22%3Atrue%2C%22photo_url%22%3A%22https%3A%5C%2F%5C%2Ft.me%5C%2Fi%5C%2Fuserpic%5C%2F320%5C%2F1RamL_iAFcdZ2kGPxN7DFOtBN-utHaDkfIu1okZ2zsA.svg%22%7D'
2025-05-27 15:11:13,341 - AUTH - DEBUG - Generated secret key (hex): 379aa67b195bd99b7a2e2819d1682d190edf51ee0d148183fb6708da92fdf532
2025-05-27 15:11:13,342 - AUTH - DEBUG - Calculated hash: c15ad5e36ea5e2e6198108abc708b5b8d0d3fb0d7182793de4f5c60de8b5d86a
2025-05-27 15:11:13,342 - AUTH - DEBUG - Received hash:   328b19cfac31481752b6059a606307bb95124140b427c8b186c4dc4c26c28077
2025-05-27 15:11:13,344 - AUTH - DEBUG - Hash verification result: False
2025-05-27 15:11:13,345 - AUTH - WARNING - Hash verification failed! BYPASSING FOR DEBUGGING.
2025-05-27 15:11:13,346 - AUTH - INFO - Hash verification successful
2025-05-27 15:11:13,347 - AUTH - INFO - Parsing user data...
2025-05-27 15:11:13,347 - AUTH - DEBUG - Raw user data: %7B%22id%22%3A887978091%2C%22first_name%22%3A%22.%22%2C%22last_name%22%3A%22.%22%2C%22username%22%3A%22sar_a_to_v%22%2C%22language_code%22%3A%22ru%22%2C%22allows_write_to_pm%22%3Atrue%2C%22photo_url%22%3A%22https%3A%5C%2F%5C%2Ft.me%5C%2Fi%5C%2Fuserpic%5C%2F320%5C%2F1RamL_iAFcdZ2kGPxN7DFOtBN-utHaDkfIu1okZ2zsA.svg%22%7D
2025-05-27 15:11:13,348 - AUTH - DEBUG - URL-decoded user data: {"id":887978091,"first_name":".","last_name":".","username":"sar_a_to_v","language_code":"ru","allows_write_to_pm":true,"photo_url":"https:\/\/t.me\/i\/userpic\/320\/1RamL_iAFcdZ2kGPxN7DFOtBN-utHaDkfIu1okZ2zsA.svg"}
2025-05-27 15:11:13,349 - AUTH - DEBUG - Parsed user_info: {'id': 887978091, 'first_name': '.', 'last_name': '.', 'username': 'sar_a_to_v', 'language_code': 'ru', 'allows_write_to_pm': True, 'photo_url': 'https://t.me/i/userpic/320/1RamL_iAFcdZ2kGPxN7DFOtBN-utHaDkfIu1okZ2zsA.svg'}
2025-05-27 15:11:13,349 - AUTH - DEBUG - Converted telegram_id to int: 887978091 (type: <class 'int'>)
2025-05-27 15:11:13,350 - AUTH - INFO - Looking up user with telegram_id: 887978091
2025-05-27 15:11:13,355 - AUTH - INFO - Found existing user: sar_a_to_v (ID: 2, Telegram ID: 887978091)
2025-05-27 15:11:13,356 - AUTH - INFO - Creating JWT token for user: sar_a_to_v
2025-05-27 15:11:13,357 - AUTH - DEBUG - Token data: {'sub': '2', 'telegram_id': '887978091', 'username': 'sar_a_to_v'}
2025-05-27 15:11:13,358 - AUTH - DEBUG - JWT created for sar_a_to_v (exp 2025-05-28 12:11:13.358493)
2025-05-27 15:11:13,359 - AUTH - INFO - JWT token created successfully
2025-05-27 15:11:13,360 - AUTH - INFO - === Authentication Successful ===
2025-05-27 15:11:13,361 - AUTH - INFO - ********************************************************************************


2025-05-27 15:11:13,362 - AUTH - INFO - [93f3687d-ef62-4a68-bb82-f2fd1995310b] Response status: 200 - Completed in 0.1453s
2025-05-27 15:11:13,364 - AUTH - INFO - [e1582ecb-d226-4843-a794-fdffb7ed9ad9] Response status: 200 - Completed in 0.1433s
2025-05-27 15:11:13,374 - AUTH - INFO - [28111181-caa2-490d-9f46-c692ed10bb1e] Request from 127.0.0.1:51068 - GET /listings/
2025-05-27 15:11:13,376 - AUTH - INFO - [28111181-caa2-490d-9f46-c692ed10bb1e] Query params: {'skip': '0', 'limit': '5'}
2025-05-27 15:11:13,394 - AUTH - INFO - [28111181-caa2-490d-9f46-c692ed10bb1e] Response status: 200 - Completed in 0.0186s
2025-05-27 15:11:13,399 - AUTH - INFO - [681c2111-63c1-43d4-94d2-da6488da6972] Request from 127.0.0.1:51068 - GET /listings/
2025-05-27 15:11:13,400 - AUTH - INFO - [681c2111-63c1-43d4-94d2-da6488da6972] Query params: {'skip': '0', 'limit': '5'}
2025-05-27 15:11:13,406 - AUTH - INFO - [681c2111-63c1-43d4-94d2-da6488da6972] Response status: 200 - Completed in 0.0053s
2025-05-27 15:11:19,557 - AUTH - INFO - [db81e175-9eec-410d-a2b7-fa3866f7de07] Request from 127.0.0.1:51069 - GET /friends/
2025-05-27 15:11:19,572 - AUTH - INFO - [db81e175-9eec-410d-a2b7-fa3866f7de07] Response status: 200 - Completed in 0.0147s
2025-05-27 15:11:19,577 - AUTH - INFO - [9a3e91e9-9a91-4222-98a1-86fb5c16b8a4] Request from 127.0.0.1:51069 - GET /listings/user/2
2025-05-27 15:11:19,594 - AUTH - INFO - [9a3e91e9-9a91-4222-98a1-86fb5c16b8a4] Response status: 200 - Completed in 0.0142s
2025-05-27 15:11:19,599 - AUTH - INFO - [755b8927-3be2-4ad6-9220-3af54b9278a1] Request from 127.0.0.1:51069 - GET /friends/pending
2025-05-27 15:11:19,612 - AUTH - INFO - [755b8927-3be2-4ad6-9220-3af54b9278a1] Response status: 200 - Completed in 0.0105s
2025-05-27 15:11:19,616 - AUTH - INFO - [90a1a24b-a1fe-45fd-b849-e3eac4519743] Request from 127.0.0.1:51069 - GET /users/transactions
2025-05-27 15:11:19,628 - AUTH - INFO - [90a1a24b-a1fe-45fd-b849-e3eac4519743] Response status: 200 - Completed in 0.0105s
2025-05-27 15:11:19,632 - AUTH - INFO - [0ba1fe16-33c6-4d85-818f-f83483358de6] Request from 127.0.0.1:51069 - GET /friends/
2025-05-27 15:11:19,637 - AUTH - INFO - [0ba1fe16-33c6-4d85-818f-f83483358de6] Response status: 200 - Completed in 0.0044s
2025-05-27 15:11:19,641 - AUTH - INFO - [696f758e-5172-4560-817c-8940a31eee22] Request from 127.0.0.1:51069 - GET /listings/user/2
2025-05-27 15:11:19,648 - AUTH - INFO - [696f758e-5172-4560-817c-8940a31eee22] Response status: 200 - Completed in 0.0050s
2025-05-27 15:11:19,652 - AUTH - INFO - [e2ae088c-f523-4f0f-8b67-7e4629738134] Request from 127.0.0.1:51069 - GET /friends/pending
2025-05-27 15:11:19,658 - AUTH - INFO - [e2ae088c-f523-4f0f-8b67-7e4629738134] Response status: 200 - Completed in 0.0055s
2025-05-27 15:11:19,662 - AUTH - INFO - [cd051388-388a-46c8-9a7f-11dafc857391] Request from 127.0.0.1:51069 - GET /users/transactions
2025-05-27 15:11:19,668 - AUTH - INFO - [cd051388-388a-46c8-9a7f-11dafc857391] Response status: 200 - Completed in 0.0055s
2025-05-27 15:11:19,938 - AUTH - INFO - [25627fbb-ce3a-4963-a8e7-9fa2447b3e7d] Request from 127.0.0.1:51084 - GET /uploads/3/1.jpg
2025-05-27 15:11:20,001 - AUTH - INFO - [25627fbb-ce3a-4963-a8e7-9fa2447b3e7d] Response status: 200 - Completed in 0.0628s
2025-05-27 15:26:22,106 - auth - INFO - ================================================================================
2025-05-27 15:26:22,106 - auth - INFO - Authentication module initialized
2025-05-27 15:26:22,106 - auth - INFO - BOT_TOKEN: 80221..._4-bU (length: 46)
2025-05-27 15:26:22,106 - auth - INFO - ================================================================================
2025-05-27 15:26:22,106 - AUTH - INFO - ================================================================================
2025-05-27 15:26:22,106 - AUTH - INFO - Starting Time Banking API
2025-05-27 15:26:22,106 - AUTH - INFO - ================================================================================
2025-05-27 15:26:22,106 - AUTH - INFO - Bot token: 80221..._4-bU (length: 46)
2025-05-27 15:28:31,659 - auth - INFO - ================================================================================
2025-05-27 15:28:31,659 - auth - INFO - Authentication module initialized
2025-05-27 15:28:31,659 - auth - INFO - BOT_TOKEN: 80221..._4-bU (length: 46)
2025-05-27 15:28:31,659 - auth - INFO - ================================================================================
2025-05-27 15:28:31,659 - AUTH - INFO - ================================================================================
2025-05-27 15:28:31,659 - AUTH - INFO - Starting Time Banking API
2025-05-27 15:28:31,659 - AUTH - INFO - ================================================================================
2025-05-27 15:28:31,659 - AUTH - INFO - Bot token: 80221..._4-bU (length: 46)
2025-05-27 15:41:22,898 - auth - INFO - ================================================================================
2025-05-27 15:41:22,898 - auth - INFO - Authentication module initialized
2025-05-27 15:41:22,898 - auth - INFO - BOT_TOKEN: 80221..._4-bU (length: 46)
2025-05-27 15:41:22,898 - auth - INFO - ================================================================================
2025-05-27 15:41:22,904 - AUTH - INFO - ================================================================================
2025-05-27 15:41:22,904 - AUTH - INFO - Starting Time Banking API
2025-05-27 15:41:22,904 - AUTH - INFO - ================================================================================
2025-05-27 15:41:22,906 - AUTH - INFO - Bot token: 80221..._4-bU (length: 46)
2025-05-27 15:55:27,870 - auth - INFO - ================================================================================
2025-05-27 15:55:27,871 - auth - INFO - Authentication module initialized
2025-05-27 15:55:27,872 - auth - INFO - BOT_TOKEN: 80221..._4-bU (length: 46)
2025-05-27 15:55:27,872 - auth - INFO - ================================================================================
2025-05-27 15:55:27,873 - AUTH - INFO - ================================================================================
2025-05-27 15:55:27,874 - AUTH - INFO - Starting Time Banking API
2025-05-27 15:55:27,875 - AUTH - INFO - ================================================================================
2025-05-27 15:55:27,875 - AUTH - INFO - Bot token: 80221..._4-bU (length: 46)
2025-05-27 16:39:19,727 - auth - INFO - ================================================================================
2025-05-27 16:39:19,727 - auth - INFO - Authentication module initialized
2025-05-27 16:39:19,727 - auth - INFO - BOT_TOKEN: 80221..._4-bU (length: 46)
2025-05-27 16:39:19,727 - auth - INFO - ================================================================================
2025-05-27 16:39:19,733 - AUTH - INFO - ================================================================================
2025-05-27 16:39:19,733 - AUTH - INFO - Starting Time Banking API
2025-05-27 16:39:19,733 - AUTH - INFO - ================================================================================
2025-05-27 16:39:19,733 - AUTH - INFO - Bot token: 80221..._4-bU (length: 46)
2025-05-27 16:49:19,707 - auth - INFO - ================================================================================
2025-05-27 16:49:19,707 - auth - INFO - Authentication module initialized
2025-05-27 16:49:19,707 - auth - INFO - BOT_TOKEN: 80221..._4-bU (length: 46)
2025-05-27 16:49:19,707 - auth - INFO - ================================================================================
2025-05-27 16:49:19,707 - AUTH - INFO - ================================================================================
2025-05-27 16:49:19,713 - AUTH - INFO - Starting Time Banking API
2025-05-27 16:49:19,714 - AUTH - INFO - ================================================================================
2025-05-27 16:49:19,714 - AUTH - INFO - Bot token: 80221..._4-bU (length: 46)
2025-05-27 16:51:28,026 - auth - INFO - ================================================================================
2025-05-27 16:51:28,026 - auth - INFO - Authentication module initialized
2025-05-27 16:51:28,026 - auth - INFO - BOT_TOKEN: 80221..._4-bU (length: 46)
2025-05-27 16:51:28,026 - auth - INFO - ================================================================================
2025-05-27 16:51:28,026 - AUTH - INFO - ================================================================================
2025-05-27 16:51:28,033 - AUTH - INFO - Starting Time Banking API
2025-05-27 16:51:28,033 - AUTH - INFO - ================================================================================
2025-05-27 16:51:28,033 - AUTH - INFO - Bot token: 80221..._4-bU (length: 46)
2025-05-27 16:56:31,510 - AUTH - INFO - [a58da603-e03e-4b46-9cfb-b887414e4316] Request from 127.0.0.1:53698 - GET /auth/telegram
2025-05-27 16:56:31,510 - AUTH - INFO - [a58da603-e03e-4b46-9cfb-b887414e4316] Response status: 405 - Completed in 0.0000s
2025-05-27 16:57:29,105 - AUTH - INFO - [676fa4aa-9dd8-4656-a505-0e9a829c5779] Request from 127.0.0.1:53718 - POST /auth/telegram
2025-05-27 16:57:29,105 - AUTH - INFO - 

********************************************************************************
2025-05-27 16:57:29,105 - AUTH - INFO - === Starting Telegram Authentication ===
2025-05-27 16:57:29,112 - AUTH - INFO - ********************************************************************************
2025-05-27 16:57:29,112 - AUTH - DEBUG - Request headers:
2025-05-27 16:57:29,113 - AUTH - DEBUG -   host: localhost:8000
2025-05-27 16:57:29,113 - AUTH - DEBUG -   user-agent: curl/8.12.1
2025-05-27 16:57:29,113 - AUTH - DEBUG -   accept: */*
2025-05-27 16:57:29,113 - AUTH - DEBUG - Query parameters:
2025-05-27 16:57:29,115 - AUTH - DEBUG - Raw init_data (repr): ''
2025-05-27 16:57:29,115 - AUTH - ERROR - No init_data parameter provided in request
2025-05-27 16:57:29,115 - AUTH - ERROR - Authentication failed with HTTPException
2025-05-27 16:57:29,117 - AUTH - ERROR - HTTP exception: 400 - Missing init_data parameter
2025-05-27 16:57:29,119 - AUTH - INFO - [676fa4aa-9dd8-4656-a505-0e9a829c5779] Response status: 400 - Completed in 0.0137s
2025-05-27 16:59:05,423 - AUTH - INFO - [a68eabb7-7234-4b0b-a6bb-1616a796f279] Request from 127.0.0.1:53792 - POST /auth/telegram
2025-05-27 16:59:05,423 - AUTH - INFO - [a68eabb7-7234-4b0b-a6bb-1616a796f279] Request body: init_data=user%3D%257B%2522id%2522%253A1%257D%5E%26hash%3Dtest
2025-05-27 16:59:05,423 - AUTH - INFO - 

********************************************************************************
2025-05-27 16:59:05,430 - AUTH - INFO - === Starting Telegram Authentication ===
2025-05-27 16:59:05,430 - AUTH - INFO - ********************************************************************************
2025-05-27 16:59:05,430 - AUTH - DEBUG - Request headers:
2025-05-27 16:59:05,430 - AUTH - DEBUG -   host: localhost:8000
2025-05-27 16:59:05,433 - AUTH - DEBUG -   user-agent: curl/8.12.1
2025-05-27 16:59:05,434 - AUTH - DEBUG -   accept: */*
2025-05-27 16:59:05,434 - AUTH - DEBUG -   content-length: 62
2025-05-27 16:59:05,434 - AUTH - DEBUG -   content-type: application/x-www-form-urlencoded
2025-05-27 16:59:05,434 - AUTH - DEBUG - Query parameters:
2025-05-27 16:59:05,434 - AUTH - DEBUG - Raw init_data (repr): ''
2025-05-27 16:59:05,434 - AUTH - ERROR - No init_data parameter provided in request
2025-05-27 16:59:05,434 - AUTH - ERROR - Authentication failed with HTTPException
2025-05-27 16:59:05,440 - AUTH - ERROR - HTTP exception: 400 - Missing init_data parameter
2025-05-27 16:59:05,441 - AUTH - INFO - [a68eabb7-7234-4b0b-a6bb-1616a796f279] Response status: 400 - Completed in 0.0174s
2025-05-30 12:50:39,614 - auth - INFO - ================================================================================
2025-05-30 12:50:39,614 - auth - INFO - Authentication module initialized
2025-05-30 12:50:39,615 - auth - INFO - BOT_TOKEN: 80221..._4-bU (length: 46)
2025-05-30 12:50:39,615 - auth - INFO - ================================================================================
2025-05-30 12:50:39,615 - AUTH - INFO - ================================================================================
2025-05-30 12:50:39,615 - AUTH - INFO - Starting Time Banking API
2025-05-30 12:50:39,615 - AUTH - INFO - ================================================================================
2025-05-30 12:50:39,615 - AUTH - INFO - Bot token: 80221..._4-bU (length: 46)
